<?xml version="1.0" encoding="UTF-8"?>
<coverage generated="1708803090380" clover="3.2.0">
  <project timestamp="1708803090380" name="All files">
    <metrics statements="210" coveredstatements="180" conditionals="38" coveredconditionals="37" methods="19" coveredmethods="16" elements="267" coveredelements="233" complexity="0" loc="210" ncloc="210" packages="9" files="28" classes="28"/>
    <package name="04-bis-javascript-utils">
      <metrics statements="1" coveredstatements="0" conditionals="1" coveredconditionals="0" methods="1" coveredmethods="0"/>
      <file name="commitlint.config.cjs" path="/Users/franco.dileo/Desktop/elite-web-developer-course/04-bis-javascript-utils/commitlint.config.cjs">
        <metrics statements="1" coveredstatements="0" conditionals="1" coveredconditionals="0" methods="1" coveredmethods="0"/>
        <line num="1" count="0" type="cond" truecount="0" falsecount="1"/>
      </file>
    </package>
    <package name="04-bis-javascript-utils.src">
      <metrics statements="7" coveredstatements="7" conditionals="0" coveredconditionals="0" methods="0" coveredmethods="0"/>
      <file name="index.ts" path="/Users/franco.dileo/Desktop/elite-web-developer-course/04-bis-javascript-utils/src/index.ts">
        <metrics statements="7" coveredstatements="7" conditionals="0" coveredconditionals="0" methods="0" coveredmethods="0"/>
        <line num="1" count="1" type="stmt"/>
        <line num="2" count="1" type="stmt"/>
        <line num="3" count="1" type="stmt"/>
        <line num="4" count="1" type="stmt"/>
        <line num="5" count="1" type="stmt"/>
        <line num="6" count="1" type="stmt"/>
        <line num="7" count="1" type="stmt"/>
      </file>
    </package>
    <package name="04-bis-javascript-utils.src.array">
      <metrics statements="39" coveredstatements="39" conditionals="13" coveredconditionals="13" methods="5" coveredmethods="5"/>
      <file name="arraylable.ts" path="/Users/franco.dileo/Desktop/elite-web-developer-course/04-bis-javascript-utils/src/array/arraylable.ts">
        <metrics statements="3" coveredstatements="3" conditionals="3" coveredconditionals="3" methods="1" coveredmethods="1"/>
        <line num="1" count="1" type="cond" truecount="1" falsecount="0"/>
        <line num="2" count="11" type="cond" truecount="2" falsecount="0"/>
        <line num="3" count="11" type="stmt"/>
      </file>
      <file name="getById.ts" path="/Users/franco.dileo/Desktop/elite-web-developer-course/04-bis-javascript-utils/src/array/getById.ts">
        <metrics statements="7" coveredstatements="7" conditionals="2" coveredconditionals="2" methods="1" coveredmethods="1"/>
        <line num="1" count="1" type="stmt"/>
        <line num="2" count="1" type="stmt"/>
        <line num="3" count="1" type="stmt"/>
        <line num="4" count="1" type="stmt"/>
        <line num="5" count="1" type="cond" truecount="1" falsecount="0"/>
        <line num="6" count="4" type="cond" truecount="1" falsecount="0"/>
        <line num="7" count="4" type="stmt"/>
      </file>
      <file name="getIndexById.ts" path="/Users/franco.dileo/Desktop/elite-web-developer-course/04-bis-javascript-utils/src/array/getIndexById.ts">
        <metrics statements="11" coveredstatements="11" conditionals="4" coveredconditionals="4" methods="1" coveredmethods="1"/>
        <line num="1" count="1" type="stmt"/>
        <line num="2" count="1" type="stmt"/>
        <line num="3" count="1" type="stmt"/>
        <line num="4" count="1" type="stmt"/>
        <line num="5" count="1" type="cond" truecount="1" falsecount="0"/>
        <line num="6" count="6" type="stmt"/>
        <line num="7" count="6" type="stmt"/>
        <line num="8" count="6" type="stmt"/>
        <line num="9" count="6" type="cond" truecount="1" falsecount="0"/>
        <line num="10" count="3" type="cond" truecount="2" falsecount="0"/>
        <line num="11" count="3" type="stmt"/>
      </file>
      <file name="index.ts" path="/Users/franco.dileo/Desktop/elite-web-developer-course/04-bis-javascript-utils/src/array/index.ts">
        <metrics statements="5" coveredstatements="5" conditionals="0" coveredconditionals="0" methods="0" coveredmethods="0"/>
        <line num="1" count="1" type="stmt"/>
        <line num="2" count="1" type="stmt"/>
        <line num="3" count="1" type="stmt"/>
        <line num="4" count="1" type="stmt"/>
        <line num="5" count="1" type="stmt"/>
      </file>
      <file name="sum.ts" path="/Users/franco.dileo/Desktop/elite-web-developer-course/04-bis-javascript-utils/src/array/sum.ts">
        <metrics statements="5" coveredstatements="5" conditionals="2" coveredconditionals="2" methods="1" coveredmethods="1"/>
        <line num="1" count="1" type="stmt"/>
        <line num="2" count="1" type="stmt"/>
        <line num="3" count="1" type="cond" truecount="1" falsecount="0"/>
        <line num="4" count="1" type="cond" truecount="1" falsecount="0"/>
        <line num="5" count="1" type="stmt"/>
      </file>
      <file name="sumBy.ts" path="/Users/franco.dileo/Desktop/elite-web-developer-course/04-bis-javascript-utils/src/array/sumBy.ts">
        <metrics statements="8" coveredstatements="8" conditionals="2" coveredconditionals="2" methods="1" coveredmethods="1"/>
        <line num="1" count="1" type="stmt"/>
        <line num="2" count="1" type="stmt"/>
        <line num="3" count="1" type="cond" truecount="1" falsecount="0"/>
        <line num="4" count="1" type="stmt"/>
        <line num="5" count="1" type="cond" truecount="1" falsecount="0"/>
        <line num="6" count="1" type="stmt"/>
        <line num="7" count="1" type="stmt"/>
        <line num="8" count="1" type="stmt"/>
      </file>
    </package>
    <package name="04-bis-javascript-utils.src.check">
      <metrics statements="45" coveredstatements="45" conditionals="12" coveredconditionals="12" methods="6" coveredmethods="6"/>
      <file name="index.ts" path="/Users/franco.dileo/Desktop/elite-web-developer-course/04-bis-javascript-utils/src/check/index.ts">
        <metrics statements="5" coveredstatements="5" conditionals="0" coveredconditionals="0" methods="0" coveredmethods="0"/>
        <line num="1" count="1" type="stmt"/>
        <line num="2" count="1" type="stmt"/>
        <line num="3" count="1" type="stmt"/>
        <line num="4" count="1" type="stmt"/>
        <line num="5" count="1" type="stmt"/>
      </file>
      <file name="isEmpty.ts" path="/Users/franco.dileo/Desktop/elite-web-developer-course/04-bis-javascript-utils/src/check/isEmpty.ts">
        <metrics statements="10" coveredstatements="10" conditionals="3" coveredconditionals="3" methods="1" coveredmethods="1"/>
        <line num="1" count="1" type="cond" truecount="1" falsecount="0"/>
        <line num="2" count="20" type="stmt"/>
        <line num="3" count="20" type="stmt"/>
        <line num="4" count="20" type="stmt"/>
        <line num="5" count="20" type="cond" truecount="1" falsecount="0"/>
        <line num="6" count="20" type="stmt"/>
        <line num="7" count="20" type="cond" truecount="1" falsecount="0"/>
        <line num="8" count="10" type="stmt"/>
        <line num="9" count="10" type="stmt"/>
        <line num="10" count="10" type="stmt"/>
      </file>
      <file name="isFunction.ts" path="/Users/franco.dileo/Desktop/elite-web-developer-course/04-bis-javascript-utils/src/check/isFunction.ts">
        <metrics statements="9" coveredstatements="9" conditionals="1" coveredconditionals="1" methods="1" coveredmethods="1"/>
        <line num="1" count="1" type="stmt"/>
        <line num="2" count="1" type="stmt"/>
        <line num="3" count="1" type="stmt"/>
        <line num="4" count="1" type="stmt"/>
        <line num="5" count="1" type="stmt"/>
        <line num="6" count="1" type="stmt"/>
        <line num="7" count="1" type="cond" truecount="1" falsecount="0"/>
        <line num="8" count="4" type="stmt"/>
        <line num="9" count="4" type="stmt"/>
      </file>
      <file name="isNullOrUndefined.ts" path="/Users/franco.dileo/Desktop/elite-web-developer-course/04-bis-javascript-utils/src/check/isNullOrUndefined.ts">
        <metrics statements="3" coveredstatements="3" conditionals="2" coveredconditionals="2" methods="1" coveredmethods="1"/>
        <line num="1" count="1" type="cond" truecount="1" falsecount="0"/>
        <line num="2" count="7" type="cond" truecount="1" falsecount="0"/>
        <line num="3" count="7" type="stmt"/>
      </file>
      <file name="isObject.ts" path="/Users/franco.dileo/Desktop/elite-web-developer-course/04-bis-javascript-utils/src/check/isObject.ts">
        <metrics statements="5" coveredstatements="5" conditionals="1" coveredconditionals="1" methods="1" coveredmethods="1"/>
        <line num="1" count="1" type="stmt"/>
        <line num="2" count="1" type="stmt"/>
        <line num="3" count="1" type="cond" truecount="1" falsecount="0"/>
        <line num="4" count="10" type="stmt"/>
        <line num="5" count="10" type="stmt"/>
      </file>
      <file name="isObjectLike.ts" path="/Users/franco.dileo/Desktop/elite-web-developer-course/04-bis-javascript-utils/src/check/isObjectLike.ts">
        <metrics statements="10" coveredstatements="10" conditionals="4" coveredconditionals="4" methods="1" coveredmethods="1"/>
        <line num="1" count="1" type="stmt"/>
        <line num="2" count="1" type="stmt"/>
        <line num="3" count="1" type="cond" truecount="1" falsecount="0"/>
        <line num="4" count="11" type="stmt"/>
        <line num="5" count="11" type="cond" truecount="1" falsecount="0"/>
        <line num="6" count="4" type="cond" truecount="1" falsecount="0"/>
        <line num="7" count="3" type="cond" truecount="1" falsecount="0"/>
        <line num="8" count="2" type="stmt"/>
        <line num="9" count="11" type="stmt"/>
        <line num="10" count="11" type="stmt"/>
      </file>
      <file name="isString.ts" path="/Users/franco.dileo/Desktop/elite-web-developer-course/04-bis-javascript-utils/src/check/isString.ts">
        <metrics statements="3" coveredstatements="3" conditionals="1" coveredconditionals="1" methods="1" coveredmethods="1"/>
        <line num="1" count="1" type="cond" truecount="1" falsecount="0"/>
        <line num="2" count="19" type="stmt"/>
        <line num="3" count="19" type="stmt"/>
      </file>
    </package>
    <package name="04-bis-javascript-utils.src.logging">
      <metrics statements="58" coveredstatements="43" conditionals="0" coveredconditionals="0" methods="1" coveredmethods="0"/>
      <file name="createLogger.ts" path="/Users/franco.dileo/Desktop/elite-web-developer-course/04-bis-javascript-utils/src/logging/createLogger.ts">
        <metrics statements="57" coveredstatements="42" conditionals="0" coveredconditionals="0" methods="1" coveredmethods="0"/>
        <line num="1" count="1" type="stmt"/>
        <line num="2" count="1" type="stmt"/>
        <line num="3" count="1" type="stmt"/>
        <line num="4" count="1" type="stmt"/>
        <line num="5" count="1" type="stmt"/>
        <line num="6" count="1" type="stmt"/>
        <line num="7" count="1" type="stmt"/>
        <line num="8" count="1" type="stmt"/>
        <line num="9" count="1" type="stmt"/>
        <line num="10" count="1" type="stmt"/>
        <line num="11" count="1" type="stmt"/>
        <line num="12" count="1" type="stmt"/>
        <line num="13" count="1" type="stmt"/>
        <line num="14" count="1" type="stmt"/>
        <line num="15" count="1" type="stmt"/>
        <line num="16" count="1" type="stmt"/>
        <line num="17" count="1" type="stmt"/>
        <line num="18" count="1" type="stmt"/>
        <line num="19" count="1" type="stmt"/>
        <line num="20" count="1" type="stmt"/>
        <line num="21" count="1" type="stmt"/>
        <line num="22" count="1" type="stmt"/>
        <line num="23" count="1" type="stmt"/>
        <line num="24" count="1" type="stmt"/>
        <line num="25" count="1" type="stmt"/>
        <line num="26" count="1" type="stmt"/>
        <line num="27" count="1" type="stmt"/>
        <line num="28" count="1" type="stmt"/>
        <line num="29" count="1" type="stmt"/>
        <line num="30" count="1" type="stmt"/>
        <line num="31" count="1" type="stmt"/>
        <line num="32" count="1" type="stmt"/>
        <line num="33" count="1" type="stmt"/>
        <line num="34" count="1" type="stmt"/>
        <line num="35" count="1" type="stmt"/>
        <line num="36" count="1" type="stmt"/>
        <line num="37" count="1" type="stmt"/>
        <line num="38" count="1" type="stmt"/>
        <line num="39" count="1" type="stmt"/>
        <line num="40" count="1" type="stmt"/>
        <line num="41" count="1" type="stmt"/>
        <line num="42" count="1" type="stmt"/>
        <line num="43" count="0" type="stmt"/>
        <line num="44" count="0" type="stmt"/>
        <line num="45" count="0" type="stmt"/>
        <line num="46" count="0" type="stmt"/>
        <line num="47" count="0" type="stmt"/>
        <line num="48" count="0" type="stmt"/>
        <line num="49" count="0" type="stmt"/>
        <line num="50" count="0" type="stmt"/>
        <line num="51" count="0" type="stmt"/>
        <line num="52" count="0" type="stmt"/>
        <line num="53" count="0" type="stmt"/>
        <line num="54" count="0" type="stmt"/>
        <line num="55" count="0" type="stmt"/>
        <line num="56" count="0" type="stmt"/>
        <line num="57" count="0" type="stmt"/>
      </file>
      <file name="index.ts" path="/Users/franco.dileo/Desktop/elite-web-developer-course/04-bis-javascript-utils/src/logging/index.ts">
        <metrics statements="1" coveredstatements="1" conditionals="0" coveredconditionals="0" methods="0" coveredmethods="0"/>
        <line num="1" count="1" type="stmt"/>
      </file>
    </package>
    <package name="04-bis-javascript-utils.src.misc">
      <metrics statements="10" coveredstatements="10" conditionals="4" coveredconditionals="4" methods="2" coveredmethods="2"/>
      <file name="eqId.ts" path="/Users/franco.dileo/Desktop/elite-web-developer-course/04-bis-javascript-utils/src/misc/eqId.ts">
        <metrics statements="5" coveredstatements="5" conditionals="1" coveredconditionals="1" methods="1" coveredmethods="1"/>
        <line num="1" count="1" type="stmt"/>
        <line num="2" count="1" type="stmt"/>
        <line num="3" count="1" type="cond" truecount="1" falsecount="0"/>
        <line num="4" count="20" type="stmt"/>
        <line num="5" count="20" type="stmt"/>
      </file>
      <file name="index.ts" path="/Users/franco.dileo/Desktop/elite-web-developer-course/04-bis-javascript-utils/src/misc/index.ts">
        <metrics statements="2" coveredstatements="2" conditionals="0" coveredconditionals="0" methods="0" coveredmethods="0"/>
        <line num="1" count="1" type="stmt"/>
        <line num="2" count="1" type="stmt"/>
      </file>
      <file name="typeOf.ts" path="/Users/franco.dileo/Desktop/elite-web-developer-course/04-bis-javascript-utils/src/misc/typeOf.ts">
        <metrics statements="3" coveredstatements="3" conditionals="3" coveredconditionals="3" methods="1" coveredmethods="1"/>
        <line num="1" count="1" type="cond" truecount="1" falsecount="0"/>
        <line num="2" count="21" type="cond" truecount="2" falsecount="0"/>
        <line num="3" count="21" type="stmt"/>
      </file>
    </package>
    <package name="04-bis-javascript-utils.src.string">
      <metrics statements="23" coveredstatements="23" conditionals="8" coveredconditionals="8" methods="3" coveredmethods="3"/>
      <file name="capitalize.ts" path="/Users/franco.dileo/Desktop/elite-web-developer-course/04-bis-javascript-utils/src/string/capitalize.ts">
        <metrics statements="3" coveredstatements="3" conditionals="1" coveredconditionals="1" methods="1" coveredmethods="1"/>
        <line num="1" count="1" type="cond" truecount="1" falsecount="0"/>
        <line num="2" count="2" type="stmt"/>
        <line num="3" count="2" type="stmt"/>
      </file>
      <file name="equalsIgnoreCase.ts" path="/Users/franco.dileo/Desktop/elite-web-developer-course/04-bis-javascript-utils/src/string/equalsIgnoreCase.ts">
        <metrics statements="9" coveredstatements="9" conditionals="4" coveredconditionals="4" methods="1" coveredmethods="1"/>
        <line num="1" count="1" type="stmt"/>
        <line num="2" count="1" type="stmt"/>
        <line num="3" count="1" type="cond" truecount="1" falsecount="0"/>
        <line num="4" count="5" type="cond" truecount="2" falsecount="0"/>
        <line num="5" count="2" type="stmt"/>
        <line num="6" count="2" type="cond" truecount="1" falsecount="0"/>
        <line num="7" count="3" type="stmt"/>
        <line num="8" count="3" type="stmt"/>
        <line num="9" count="3" type="stmt"/>
      </file>
      <file name="includes.ts" path="/Users/franco.dileo/Desktop/elite-web-developer-course/04-bis-javascript-utils/src/string/includes.ts">
        <metrics statements="8" coveredstatements="8" conditionals="3" coveredconditionals="3" methods="1" coveredmethods="1"/>
        <line num="1" count="1" type="stmt"/>
        <line num="2" count="1" type="stmt"/>
        <line num="3" count="1" type="cond" truecount="1" falsecount="0"/>
        <line num="4" count="5" type="stmt"/>
        <line num="5" count="5" type="stmt"/>
        <line num="6" count="5" type="stmt"/>
        <line num="7" count="5" type="cond" truecount="2" falsecount="0"/>
        <line num="8" count="5" type="stmt"/>
      </file>
      <file name="index.ts" path="/Users/franco.dileo/Desktop/elite-web-developer-course/04-bis-javascript-utils/src/string/index.ts">
        <metrics statements="3" coveredstatements="3" conditionals="0" coveredconditionals="0" methods="0" coveredmethods="0"/>
        <line num="1" count="1" type="stmt"/>
        <line num="2" count="1" type="stmt"/>
        <line num="3" count="1" type="stmt"/>
      </file>
    </package>
    <package name="04-bis-javascript-utils.src.timing">
      <metrics statements="19" coveredstatements="5" conditionals="0" coveredconditionals="0" methods="1" coveredmethods="0"/>
      <file name="index.ts" path="/Users/franco.dileo/Desktop/elite-web-developer-course/04-bis-javascript-utils/src/timing/index.ts">
        <metrics statements="1" coveredstatements="1" conditionals="0" coveredconditionals="0" methods="0" coveredmethods="0"/>
        <line num="1" count="1" type="stmt"/>
      </file>
      <file name="throttle.ts" path="/Users/franco.dileo/Desktop/elite-web-developer-course/04-bis-javascript-utils/src/timing/throttle.ts">
        <metrics statements="18" coveredstatements="4" conditionals="0" coveredconditionals="0" methods="1" coveredmethods="0"/>
        <line num="1" count="1" type="stmt"/>
        <line num="2" count="1" type="stmt"/>
        <line num="3" count="1" type="stmt"/>
        <line num="4" count="1" type="stmt"/>
        <line num="5" count="0" type="stmt"/>
        <line num="6" count="0" type="stmt"/>
        <line num="7" count="0" type="stmt"/>
        <line num="8" count="0" type="stmt"/>
        <line num="9" count="0" type="stmt"/>
        <line num="10" count="0" type="stmt"/>
        <line num="11" count="0" type="stmt"/>
        <line num="12" count="0" type="stmt"/>
        <line num="13" count="0" type="stmt"/>
        <line num="14" count="0" type="stmt"/>
        <line num="15" count="0" type="stmt"/>
        <line num="16" count="0" type="stmt"/>
        <line num="17" count="0" type="stmt"/>
        <line num="18" count="0" type="stmt"/>
      </file>
    </package>
    <package name="04-bis-javascript-utils.src.types">
      <metrics statements="8" coveredstatements="8" conditionals="0" coveredconditionals="0" methods="0" coveredmethods="0"/>
      <file name="helpers.ts" path="/Users/franco.dileo/Desktop/elite-web-developer-course/04-bis-javascript-utils/src/types/helpers.ts">
        <metrics statements="7" coveredstatements="7" conditionals="0" coveredconditionals="0" methods="0" coveredmethods="0"/>
        <line num="1" count="1" type="stmt"/>
        <line num="2" count="1" type="stmt"/>
        <line num="3" count="1" type="stmt"/>
        <line num="4" count="1" type="stmt"/>
        <line num="5" count="1" type="stmt"/>
        <line num="6" count="1" type="stmt"/>
        <line num="7" count="1" type="stmt"/>
      </file>
      <file name="index.ts" path="/Users/franco.dileo/Desktop/elite-web-developer-course/04-bis-javascript-utils/src/types/index.ts">
        <metrics statements="1" coveredstatements="1" conditionals="0" coveredconditionals="0" methods="0" coveredmethods="0"/>
        <line num="1" count="1" type="stmt"/>
      </file>
    </package>
  </project>
</coverage>
